<?xml version="1.0" encoding="UTF-8"?>
<testng-results ignored="0" total="2" passed="2" failed="0" skipped="0">
  <reporter-output>
  </reporter-output>
  <suite started-at="2022-02-23T09:55:49 IST" name="Default suite" finished-at="2022-02-23T09:57:41 IST" duration-ms="111895">
    <groups>
    </groups>
    <test started-at="2022-02-23T09:55:49 IST" name="Default test" finished-at="2022-02-23T09:57:41 IST" duration-ms="111895">
      <class name="com.Functionalities.AppTest2">
        <test-method is-config="true" signature="launchApp()[pri:0, instance:com.Functionalities.AppTest2@6fd83fc1]" started-at="2022-02-23T09:55:49 IST" name="launchApp" finished-at="2022-02-23T09:56:14 IST" duration-ms="24936" status="PASS">
          <reporter-output>
          </reporter-output>
        </test-method> <!-- launchApp -->
        <test-method signature="registration()[pri:0, instance:com.Functionalities.AppTest2@6fd83fc1]" started-at="2022-02-23T09:56:14 IST" name="registration" finished-at="2022-02-23T09:56:51 IST" duration-ms="36157" status="PASS">
          <reporter-output>
          </reporter-output>
        </test-method> <!-- registration -->
        <test-method is-config="true" signature="closeBrowser()[pri:0, instance:com.Functionalities.AppTest2@6fd83fc1]" started-at="2022-02-23T09:56:51 IST" name="closeBrowser" finished-at="2022-02-23T09:56:51 IST" duration-ms="145" status="PASS">
          <reporter-output>
          </reporter-output>
        </test-method> <!-- closeBrowser -->
        <test-method is-config="true" signature="launchApp()[pri:0, instance:com.Functionalities.AppTest2@6fd83fc1]" started-at="2022-02-23T09:56:51 IST" name="launchApp" finished-at="2022-02-23T09:57:07 IST" duration-ms="16722" status="PASS">
          <reporter-output>
          </reporter-output>
        </test-method> <!-- launchApp -->
        <test-method signature="login()[pri:1, instance:com.Functionalities.AppTest2@6fd83fc1]" started-at="2022-02-23T09:57:07 IST" name="login" finished-at="2022-02-23T09:57:41 IST" duration-ms="33802" status="PASS">
          <reporter-output>
          </reporter-output>
        </test-method> <!-- login -->
        <test-method is-config="true" signature="closeBrowser()[pri:0, instance:com.Functionalities.AppTest2@6fd83fc1]" started-at="2022-02-23T09:57:41 IST" name="closeBrowser" finished-at="2022-02-23T09:57:41 IST" duration-ms="94" status="PASS">
          <reporter-output>
          </reporter-output>
        </test-method> <!-- closeBrowser -->
      </class> <!-- com.Functionalities.AppTest2 -->
    </test> <!-- Default test -->
  </suite> <!-- Default suite -->
</testng-results>
